<?xml version="1.0" encoding="UTF-8"?>
<testng-results ignored="0" total="3" passed="3" failed="0" skipped="0">
  <reporter-output>
  </reporter-output>
  <suite started-at="2022-05-31T18:21:41 CLT" name="Default suite" finished-at="2022-05-31T18:21:48 CLT" duration-ms="6454">
    <groups>
    </groups>
    <test started-at="2022-05-31T18:21:41 CLT" name="Default test" finished-at="2022-05-31T18:21:48 CLT" duration-ms="6454">
      <class name="tests.TestOne">
        <test-method signature="Feature_A()[pri:0, instance:tests.TestOne@4e268090]" started-at="2022-05-31T18:21:41 CLT" name="Feature_A" finished-at="2022-05-31T18:21:45 CLT" duration-ms="3216" status="PASS">
          <reporter-output>
          </reporter-output>
        </test-method> <!-- Feature_A -->
        <test-method signature="Feature_B()[pri:0, instance:tests.TestOne@4e268090]" started-at="2022-05-31T18:21:45 CLT" name="Feature_B" finished-at="2022-05-31T18:21:46 CLT" duration-ms="1584" status="PASS">
          <reporter-output>
          </reporter-output>
        </test-method> <!-- Feature_B -->
        <test-method signature="Feature_C()[pri:0, instance:tests.TestOne@4e268090]" started-at="2022-05-31T18:21:46 CLT" name="Feature_C" finished-at="2022-05-31T18:21:48 CLT" duration-ms="1621" status="PASS">
          <reporter-output>
          </reporter-output>
        </test-method> <!-- Feature_C -->
      </class> <!-- tests.TestOne -->
    </test> <!-- Default test -->
  </suite> <!-- Default suite -->
</testng-results>
